<?xml version="1.0" encoding="UTF-8"?>
<!-- Generated by org.testng.reporters.JUnitReportReporter -->
<testsuite hostname="DESKTOP-0LAVF00" failures="0" tests="1" name="tests.ValidateMonthDropdownTest" time="0.282" errors="0" timestamp="2023-02-15T19:38:53 PST" skipped="0">
  <testcase classname="tests.ValidateMonthDropdownTest" name="validateMonthDropdownTest" time="0.282"/>
  <system-out/>
</testsuite> <!-- tests.ValidateMonthDropdownTest -->
